<?xml version="1.0" encoding="UTF-8"?>
<coverage generated="1492111529287" clover="3.2.0">
  <project timestamp="1492111529288" name="All files">
    <metrics statements="94" coveredstatements="78" conditionals="25" coveredconditionals="17" methods="27" coveredmethods="15" elements="146" coveredelements="110" complexity="0" loc="94" ncloc="94" packages="7" files="11" classes="11">
      <package name="actionlist">
        <metrics statements="8" coveredstatements="8" conditionals="2" coveredconditionals="2" methods="1" coveredmethods="1"/>
        <file name="testConfig.js" path="/Users/nethra/action-list/actionlist/testConfig.js">
          <metrics statements="8" coveredstatements="8" conditionals="2" coveredconditionals="2" methods="1" coveredmethods="1"/>
          <line num="1" count="4" type="stmt"/>
          <line num="3" count="4" type="stmt"/>
          <line num="5" count="4" type="stmt"/>
          <line num="7" count="4" type="stmt"/>
          <line num="8" count="4" type="stmt"/>
          <line num="9" count="4" type="stmt"/>
          <line num="10" count="324" type="cond" truecount="2" falsecount="0"/>
          <line num="11" count="240" type="stmt"/>
        </file>
      </package>
      <package name="actionlist.app.actions">
        <metrics statements="6" coveredstatements="6" conditionals="0" coveredconditionals="0" methods="0" coveredmethods="0"/>
        <file name="action_items.js" path="/Users/nethra/action-list/actionlist/app/actions/action_items.js">
          <metrics statements="3" coveredstatements="3" conditionals="0" coveredconditionals="0" methods="0" coveredmethods="0"/>
          <line num="4" count="3" type="stmt"/>
          <line num="5" count="3" type="stmt"/>
          <line num="6" count="3" type="stmt"/>
        </file>
        <file name="types.js" path="/Users/nethra/action-list/actionlist/app/actions/types.js">
          <metrics statements="3" coveredstatements="3" conditionals="0" coveredconditionals="0" methods="0" coveredmethods="0"/>
          <line num="1" count="3" type="stmt"/>
          <line num="2" count="3" type="stmt"/>
          <line num="3" count="3" type="stmt"/>
        </file>
      </package>
      <package name="actionlist.app.components">
        <metrics statements="32" coveredstatements="21" conditionals="10" coveredconditionals="5" methods="18" coveredmethods="7"/>
        <file name="SideMenu.js" path="/Users/nethra/action-list/actionlist/app/components/SideMenu.js">
          <metrics statements="13" coveredstatements="6" conditionals="8" coveredconditionals="4" methods="10" coveredmethods="3"/>
          <line num="16" count="1" type="stmt"/>
          <line num="51" count="1" type="stmt"/>
          <line num="52" count="1" type="stmt"/>
          <line num="53" count="0" type="stmt"/>
          <line num="54" count="0" type="stmt"/>
          <line num="60" count="0" type="stmt"/>
          <line num="66" count="0" type="stmt"/>
          <line num="72" count="0" type="stmt"/>
          <line num="78" count="0" type="stmt"/>
          <line num="88" count="1" type="stmt"/>
          <line num="92" count="1" type="stmt"/>
          <line num="93" count="0" type="stmt"/>
          <line num="96" count="1" type="stmt"/>
        </file>
        <file name="action_item_body.js" path="/Users/nethra/action-list/actionlist/app/components/action_item_body.js">
          <metrics statements="7" coveredstatements="5" conditionals="0" coveredconditionals="0" methods="3" coveredmethods="1"/>
          <line num="11" count="1" type="stmt"/>
          <line num="53" count="1" type="stmt"/>
          <line num="54" count="2" type="stmt"/>
          <line num="64" count="0" type="stmt"/>
          <line num="69" count="0" type="stmt"/>
          <line num="75" count="1" type="stmt"/>
          <line num="91" count="1" type="stmt"/>
        </file>
        <file name="action_item_header.js" path="/Users/nethra/action-list/actionlist/app/components/action_item_header.js">
          <metrics statements="5" coveredstatements="5" conditionals="2" coveredconditionals="1" methods="1" coveredmethods="1"/>
          <line num="10" count="1" type="stmt"/>
          <line num="35" count="1" type="stmt"/>
          <line num="43" count="1" type="stmt"/>
          <line num="44" count="2" type="stmt"/>
          <line num="55" count="1" type="stmt"/>
        </file>
        <file name="header.js" path="/Users/nethra/action-list/actionlist/app/components/header.js">
          <metrics statements="7" coveredstatements="5" conditionals="0" coveredconditionals="0" methods="4" coveredmethods="2"/>
          <line num="13" count="1" type="stmt"/>
          <line num="47" count="1" type="stmt"/>
          <line num="48" count="1" type="stmt"/>
          <line num="56" count="0" type="stmt"/>
          <line num="67" count="1" type="stmt"/>
          <line num="68" count="0" type="stmt"/>
          <line num="71" count="1" type="stmt"/>
        </file>
      </package>
      <package name="actionlist.app.lib">
        <metrics statements="5" coveredstatements="5" conditionals="0" coveredconditionals="0" methods="0" coveredmethods="0"/>
        <file name="commons.js" path="/Users/nethra/action-list/actionlist/app/lib/commons.js">
          <metrics statements="5" coveredstatements="5" conditionals="0" coveredconditionals="0" methods="0" coveredmethods="0"/>
          <line num="1" count="4" type="stmt"/>
          <line num="2" count="4" type="stmt"/>
          <line num="3" count="4" type="stmt"/>
          <line num="10" count="4" type="stmt"/>
          <line num="18" count="4" type="stmt"/>
        </file>
      </package>
      <package name="actionlist.app.reducers">
        <metrics statements="39" coveredstatements="34" conditionals="13" coveredconditionals="10" methods="7" coveredmethods="6"/>
        <file name="action_items.js" path="/Users/nethra/action-list/actionlist/app/reducers/action_items.js">
          <metrics statements="39" coveredstatements="34" conditionals="13" coveredconditionals="10" methods="7" coveredmethods="6"/>
          <line num="6" count="1" type="stmt"/>
          <line num="23" count="1" type="stmt"/>
          <line num="24" count="4" type="stmt"/>
          <line num="25" count="4" type="cond" truecount="4" falsecount="1"/>
          <line num="27" count="1" type="stmt"/>
          <line num="28" count="9" type="stmt"/>
          <line num="29" count="9" type="stmt"/>
          <line num="30" count="9" type="stmt"/>
          <line num="32" count="1" type="stmt"/>
          <line num="34" count="1" type="stmt"/>
          <line num="35" count="9" type="stmt"/>
          <line num="36" count="9" type="stmt"/>
          <line num="37" count="9" type="stmt"/>
          <line num="39" count="1" type="stmt"/>
          <line num="41" count="1" type="stmt"/>
          <line num="42" count="7" type="stmt"/>
          <line num="43" count="7" type="stmt"/>
          <line num="44" count="7" type="cond" truecount="2" falsecount="0"/>
          <line num="45" count="3" type="stmt"/>
          <line num="47" count="4" type="cond" truecount="1" falsecount="1"/>
          <line num="48" count="4" type="stmt"/>
          <line num="50" count="0" type="stmt"/>
          <line num="52" count="1" type="stmt"/>
          <line num="54" count="1" type="stmt"/>
          <line num="55" count="3" type="stmt"/>
          <line num="56" count="3" type="stmt"/>
          <line num="57" count="3" type="cond" truecount="2" falsecount="0"/>
          <line num="58" count="1" type="stmt"/>
          <line num="60" count="2" type="cond" truecount="1" falsecount="1"/>
          <line num="61" count="2" type="stmt"/>
          <line num="63" count="0" type="stmt"/>
          <line num="65" count="1" type="stmt"/>
          <line num="67" count="0" type="stmt"/>
          <line num="69" count="4" type="stmt"/>
          <line num="79" count="1" type="stmt"/>
          <line num="80" count="1" type="stmt"/>
          <line num="86" count="1" type="stmt"/>
          <line num="87" count="0" type="stmt"/>
          <line num="88" count="0" type="stmt"/>
        </file>
      </package>
      <package name="actionlist.jest">
        <metrics statements="1" coveredstatements="1" conditionals="0" coveredconditionals="0" methods="1" coveredmethods="1"/>
        <file name="setup.js" path="/Users/nethra/action-list/actionlist/jest/setup.js">
          <metrics statements="1" coveredstatements="1" conditionals="0" coveredconditionals="0" methods="1" coveredmethods="1"/>
          <line num="1" count="5" type="stmt"/>
        </file>
      </package>
      <package name="actionlist.test_constants">
        <metrics statements="3" coveredstatements="3" conditionals="0" coveredconditionals="0" methods="0" coveredmethods="0"/>
        <file name="componentTests.js" path="/Users/nethra/action-list/actionlist/test_constants/componentTests.js">
          <metrics statements="3" coveredstatements="3" conditionals="0" coveredconditionals="0" methods="0" coveredmethods="0"/>
          <line num="1" count="4" type="stmt"/>
          <line num="15" count="4" type="stmt"/>
          <line num="17" count="4" type="stmt"/>
        </file>
      </package>
    </metrics>
  </project>
</coverage>
