<?xml version="1.0" encoding="UTF-8"?>
<coverage generated="1491861379452" clover="3.2.0">
  <project timestamp="1491861379452" name="All files">
    <metrics statements="86" coveredstatements="74" conditionals="25" coveredconditionals="17" methods="23" coveredmethods="14" elements="134" coveredelements="105" complexity="0" loc="86" ncloc="86" packages="6" files="10" classes="10">
      <package name="actionlist">
        <metrics statements="8" coveredstatements="8" conditionals="2" coveredconditionals="2" methods="1" coveredmethods="1"/>
        <file name="testConfig.js" path="/Users/nethra/action-list/actionlist/testConfig.js">
          <metrics statements="8" coveredstatements="8" conditionals="2" coveredconditionals="2" methods="1" coveredmethods="1"/>
          <line num="1" count="4" type="stmt"/>
          <line num="3" count="4" type="stmt"/>
          <line num="5" count="4" type="stmt"/>
          <line num="7" count="4" type="stmt"/>
          <line num="8" count="4" type="stmt"/>
          <line num="9" count="4" type="stmt"/>
          <line num="10" count="324" type="cond" truecount="2" falsecount="0"/>
          <line num="11" count="240" type="stmt"/>
        </file>
      </package>
      <package name="actionlist.app.actions">
        <metrics statements="4" coveredstatements="4" conditionals="0" coveredconditionals="0" methods="0" coveredmethods="0"/>
        <file name="action_items.js" path="/Users/nethra/action-list/actionlist/app/actions/action_items.js">
          <metrics statements="2" coveredstatements="2" conditionals="0" coveredconditionals="0" methods="0" coveredmethods="0"/>
          <line num="4" count="3" type="stmt"/>
          <line num="5" count="3" type="stmt"/>
        </file>
        <file name="types.js" path="/Users/nethra/action-list/actionlist/app/actions/types.js">
          <metrics statements="2" coveredstatements="2" conditionals="0" coveredconditionals="0" methods="0" coveredmethods="0"/>
          <line num="1" count="3" type="stmt"/>
          <line num="2" count="3" type="stmt"/>
        </file>
      </package>
      <package name="actionlist.app.components">
        <metrics statements="30" coveredstatements="21" conditionals="10" coveredconditionals="5" methods="16" coveredmethods="7"/>
        <file name="SideMenu.js" path="/Users/nethra/action-list/actionlist/app/components/SideMenu.js">
          <metrics statements="11" coveredstatements="6" conditionals="8" coveredconditionals="4" methods="8" coveredmethods="3"/>
          <line num="16" count="1" type="stmt"/>
          <line num="51" count="1" type="stmt"/>
          <line num="52" count="1" type="stmt"/>
          <line num="60" count="0" type="stmt"/>
          <line num="66" count="0" type="stmt"/>
          <line num="72" count="0" type="stmt"/>
          <line num="78" count="0" type="stmt"/>
          <line num="88" count="1" type="stmt"/>
          <line num="92" count="1" type="stmt"/>
          <line num="93" count="0" type="stmt"/>
          <line num="96" count="1" type="stmt"/>
        </file>
        <file name="action_item_body.js" path="/Users/nethra/action-list/actionlist/app/components/action_item_body.js">
          <metrics statements="7" coveredstatements="5" conditionals="0" coveredconditionals="0" methods="3" coveredmethods="1"/>
          <line num="11" count="1" type="stmt"/>
          <line num="53" count="1" type="stmt"/>
          <line num="54" count="2" type="stmt"/>
          <line num="64" count="0" type="stmt"/>
          <line num="69" count="0" type="stmt"/>
          <line num="75" count="1" type="stmt"/>
          <line num="91" count="1" type="stmt"/>
        </file>
        <file name="action_item_header.js" path="/Users/nethra/action-list/actionlist/app/components/action_item_header.js">
          <metrics statements="5" coveredstatements="5" conditionals="2" coveredconditionals="1" methods="1" coveredmethods="1"/>
          <line num="10" count="1" type="stmt"/>
          <line num="35" count="1" type="stmt"/>
          <line num="43" count="1" type="stmt"/>
          <line num="44" count="2" type="stmt"/>
          <line num="55" count="1" type="stmt"/>
        </file>
        <file name="header.js" path="/Users/nethra/action-list/actionlist/app/components/header.js">
          <metrics statements="7" coveredstatements="5" conditionals="0" coveredconditionals="0" methods="4" coveredmethods="2"/>
          <line num="13" count="1" type="stmt"/>
          <line num="47" count="1" type="stmt"/>
          <line num="48" count="1" type="stmt"/>
          <line num="56" count="0" type="stmt"/>
          <line num="67" count="1" type="stmt"/>
          <line num="68" count="0" type="stmt"/>
          <line num="71" count="1" type="stmt"/>
        </file>
      </package>
      <package name="actionlist.app.lib">
        <metrics statements="5" coveredstatements="5" conditionals="0" coveredconditionals="0" methods="0" coveredmethods="0"/>
        <file name="commons.js" path="/Users/nethra/action-list/actionlist/app/lib/commons.js">
          <metrics statements="5" coveredstatements="5" conditionals="0" coveredconditionals="0" methods="0" coveredmethods="0"/>
          <line num="1" count="4" type="stmt"/>
          <line num="2" count="4" type="stmt"/>
          <line num="3" count="4" type="stmt"/>
          <line num="8" count="4" type="stmt"/>
          <line num="16" count="4" type="stmt"/>
        </file>
      </package>
      <package name="actionlist.app.reducers">
        <metrics statements="36" coveredstatements="33" conditionals="13" coveredconditionals="10" methods="6" coveredmethods="6"/>
        <file name="action_items.js" path="/Users/nethra/action-list/actionlist/app/reducers/action_items.js">
          <metrics statements="36" coveredstatements="33" conditionals="13" coveredconditionals="10" methods="6" coveredmethods="6"/>
          <line num="6" count="1" type="stmt"/>
          <line num="12" count="1" type="stmt"/>
          <line num="13" count="4" type="stmt"/>
          <line num="14" count="4" type="cond" truecount="4" falsecount="1"/>
          <line num="16" count="1" type="stmt"/>
          <line num="17" count="9" type="stmt"/>
          <line num="18" count="9" type="stmt"/>
          <line num="19" count="9" type="stmt"/>
          <line num="21" count="1" type="stmt"/>
          <line num="23" count="1" type="stmt"/>
          <line num="24" count="9" type="stmt"/>
          <line num="25" count="9" type="stmt"/>
          <line num="26" count="9" type="stmt"/>
          <line num="28" count="1" type="stmt"/>
          <line num="30" count="1" type="stmt"/>
          <line num="31" count="7" type="stmt"/>
          <line num="32" count="7" type="stmt"/>
          <line num="33" count="7" type="cond" truecount="2" falsecount="0"/>
          <line num="34" count="3" type="stmt"/>
          <line num="36" count="4" type="cond" truecount="1" falsecount="1"/>
          <line num="37" count="4" type="stmt"/>
          <line num="39" count="0" type="stmt"/>
          <line num="41" count="1" type="stmt"/>
          <line num="43" count="1" type="stmt"/>
          <line num="44" count="3" type="stmt"/>
          <line num="45" count="3" type="stmt"/>
          <line num="46" count="3" type="cond" truecount="2" falsecount="0"/>
          <line num="47" count="1" type="stmt"/>
          <line num="49" count="2" type="cond" truecount="1" falsecount="1"/>
          <line num="50" count="2" type="stmt"/>
          <line num="52" count="0" type="stmt"/>
          <line num="54" count="1" type="stmt"/>
          <line num="56" count="0" type="stmt"/>
          <line num="58" count="4" type="stmt"/>
          <line num="68" count="1" type="stmt"/>
          <line num="69" count="1" type="stmt"/>
        </file>
      </package>
      <package name="actionlist.test_constants">
        <metrics statements="3" coveredstatements="3" conditionals="0" coveredconditionals="0" methods="0" coveredmethods="0"/>
        <file name="componentTests.js" path="/Users/nethra/action-list/actionlist/test_constants/componentTests.js">
          <metrics statements="3" coveredstatements="3" conditionals="0" coveredconditionals="0" methods="0" coveredmethods="0"/>
          <line num="1" count="4" type="stmt"/>
          <line num="15" count="4" type="stmt"/>
          <line num="17" count="4" type="stmt"/>
        </file>
      </package>
    </metrics>
  </project>
</coverage>
