{"/Users/nethra/action-list/actionlist/testConfig.js": {"path":"/Users/nethra/action-list/actionlist/testConfig.js","statementMap":{"0":{"start":{"line":1,"column":0},"end":{"line":1,"column":41}},"1":{"start":{"line":3,"column":0},"end":{"line":3,"column":32}},"2":{"start":{"line":5,"column":14},"end":{"line":5,"column":36}},"3":{"start":{"line":7,"column":0},"end":{"line":7,"column":28}},"4":{"start":{"line":8,"column":0},"end":{"line":8,"column":37}},"5":{"start":{"line":9,"column":0},"end":{"line":13,"column":3}},"6":{"start":{"line":10,"column":2},"end":{"line":12,"column":3}},"7":{"start":{"line":11,"column":4},"end":{"line":11,"column":54}}},"fnMap":{"0":{"name":"(anonymous_0)","decl":{"start":{"line":9,"column":42},"end":{"line":9,"column":43}},"loc":{"start":{"line":9,"column":56},"end":{"line":13,"column":1}},"line":9}},"branchMap":{"0":{"loc":{"start":{"line":10,"column":2},"end":{"line":12,"column":3}},"type":"if","locations":[{"start":{"line":10,"column":2},"end":{"line":12,"column":3}},{"start":{"line":10,"column":2},"end":{"line":12,"column":3}}],"line":10}},"s":{"0":4,"1":4,"2":4,"3":4,"4":4,"5":4,"6":324,"7":240},"f":{"0":324},"b":{"0":[240,84]},"_coverageSchema":"332fd63041d2c1bcb487cc26dd0d5f7d97098a6c","hash":"592738c03b6fbfd5c6a2cf4737a652f9fdebfea0"}
,"/Users/nethra/action-list/actionlist/app/actions/action_items.js": {"path":"/Users/nethra/action-list/actionlist/app/actions/action_items.js","statementMap":{"0":{"start":{"line":4,"column":28},"end":{"line":4,"column":55}},"1":{"start":{"line":5,"column":30},"end":{"line":5,"column":60}}},"fnMap":{},"branchMap":{},"s":{"0":3,"1":3},"f":{},"b":{},"_coverageSchema":"332fd63041d2c1bcb487cc26dd0d5f7d97098a6c","hash":"7abcb72b8c8bb0e303e01033a2d0a7c390529b86"}
,"/Users/nethra/action-list/actionlist/app/actions/types.js": {"path":"/Users/nethra/action-list/actionlist/app/actions/types.js","statementMap":{"0":{"start":{"line":1,"column":29},"end":{"line":1,"column":44}},"1":{"start":{"line":2,"column":32},"end":{"line":2,"column":50}}},"fnMap":{},"branchMap":{},"s":{"0":3,"1":3},"f":{},"b":{},"_coverageSchema":"332fd63041d2c1bcb487cc26dd0d5f7d97098a6c","hash":"dc2fb764d8431f5a3fefd7c5be287a65af1c53e3"}
,"/Users/nethra/action-list/actionlist/app/components/SideMenu.js": {"path":"/Users/nethra/action-list/actionlist/app/components/SideMenu.js","statementMap":{"0":{"start":{"line":16,"column":14},"end":{"line":49,"column":2}},"1":{"start":{"line":51,"column":17},"end":{"line":86,"column":1}},"2":{"start":{"line":52,"column":2},"end":{"line":85,"column":9}},"3":{"start":{"line":60,"column":41},"end":{"line":60,"column":71}},"4":{"start":{"line":66,"column":41},"end":{"line":66,"column":75}},"5":{"start":{"line":72,"column":41},"end":{"line":72,"column":70}},"6":{"start":{"line":78,"column":41},"end":{"line":78,"column":74}},"7":{"start":{"line":88,"column":24},"end":{"line":90,"column":2}},"8":{"start":{"line":88,"column":34},"end":{"line":90,"column":1}},"9":{"start":{"line":92,"column":27},"end":{"line":94,"column":2}},"10":{"start":{"line":92,"column":40},"end":{"line":94,"column":1}},"11":{"start":{"line":93,"column":22},"end":{"line":93,"column":56}},"12":{"start":{"line":96,"column":0},"end":{"line":99,"column":2}}},"fnMap":{"0":{"name":"(anonymous_0)","decl":{"start":{"line":51,"column":17},"end":{"line":51,"column":18}},"loc":{"start":{"line":52,"column":2},"end":{"line":85,"column":9}},"line":52},"1":{"name":"(anonymous_1)","decl":{"start":{"line":60,"column":35},"end":{"line":60,"column":36}},"loc":{"start":{"line":60,"column":41},"end":{"line":60,"column":71}},"line":60},"2":{"name":"(anonymous_2)","decl":{"start":{"line":66,"column":35},"end":{"line":66,"column":36}},"loc":{"start":{"line":66,"column":41},"end":{"line":66,"column":75}},"line":66},"3":{"name":"(anonymous_3)","decl":{"start":{"line":72,"column":35},"end":{"line":72,"column":36}},"loc":{"start":{"line":72,"column":41},"end":{"line":72,"column":70}},"line":72},"4":{"name":"(anonymous_4)","decl":{"start":{"line":78,"column":35},"end":{"line":78,"column":36}},"loc":{"start":{"line":78,"column":41},"end":{"line":78,"column":74}},"line":78},"5":{"name":"(anonymous_5)","decl":{"start":{"line":88,"column":24},"end":{"line":88,"column":25}},"loc":{"start":{"line":88,"column":34},"end":{"line":90,"column":1}},"line":88},"6":{"name":"(anonymous_6)","decl":{"start":{"line":92,"column":27},"end":{"line":92,"column":28}},"loc":{"start":{"line":92,"column":40},"end":{"line":94,"column":1}},"line":92},"7":{"name":"(anonymous_7)","decl":{"start":{"line":93,"column":10},"end":{"line":93,"column":11}},"loc":{"start":{"line":93,"column":22},"end":{"line":93,"column":56}},"line":93}},"branchMap":{"0":{"loc":{"start":{"line":62,"column":17},"end":{"line":63,"column":45}},"type":"cond-expr","locations":[{"start":{"line":63,"column":10},"end":{"line":63,"column":29}},{"start":{"line":63,"column":32},"end":{"line":63,"column":45}}],"line":62},"1":{"loc":{"start":{"line":68,"column":17},"end":{"line":69,"column":45}},"type":"cond-expr","locations":[{"start":{"line":69,"column":10},"end":{"line":69,"column":29}},{"start":{"line":69,"column":32},"end":{"line":69,"column":45}}],"line":68},"2":{"loc":{"start":{"line":74,"column":17},"end":{"line":75,"column":45}},"type":"cond-expr","locations":[{"start":{"line":75,"column":10},"end":{"line":75,"column":29}},{"start":{"line":75,"column":32},"end":{"line":75,"column":45}}],"line":74},"3":{"loc":{"start":{"line":80,"column":17},"end":{"line":81,"column":45}},"type":"cond-expr","locations":[{"start":{"line":81,"column":10},"end":{"line":81,"column":29}},{"start":{"line":81,"column":32},"end":{"line":81,"column":45}}],"line":80}},"s":{"0":1,"1":1,"2":1,"3":0,"4":0,"5":0,"6":0,"7":1,"8":1,"9":1,"10":1,"11":0,"12":1},"f":{"0":1,"1":0,"2":0,"3":0,"4":0,"5":1,"6":1,"7":0},"b":{"0":[0,1],"1":[0,1],"2":[0,1],"3":[0,1]},"_coverageSchema":"332fd63041d2c1bcb487cc26dd0d5f7d97098a6c","hash":"c46d7676dbe2e543fd4fe0030f02cedb899b23c8"}
,"/Users/nethra/action-list/actionlist/app/components/action_item_body.js": {"path":"/Users/nethra/action-list/actionlist/app/components/action_item_body.js","statementMap":{"0":{"start":{"line":11,"column":15},"end":{"line":51,"column":2}},"1":{"start":{"line":53,"column":23},"end":{"line":73,"column":1}},"2":{"start":{"line":54,"column":2},"end":{"line":72,"column":9}},"3":{"start":{"line":64,"column":23},"end":{"line":64,"column":66}},"4":{"start":{"line":69,"column":23},"end":{"line":69,"column":73}},"5":{"start":{"line":75,"column":0},"end":{"line":89,"column":2}},"6":{"start":{"line":91,"column":0},"end":{"line":99,"column":2}}},"fnMap":{"0":{"name":"(anonymous_0)","decl":{"start":{"line":53,"column":23},"end":{"line":53,"column":24}},"loc":{"start":{"line":54,"column":2},"end":{"line":72,"column":9}},"line":54},"1":{"name":"(anonymous_1)","decl":{"start":{"line":64,"column":17},"end":{"line":64,"column":18}},"loc":{"start":{"line":64,"column":23},"end":{"line":64,"column":66}},"line":64},"2":{"name":"(anonymous_2)","decl":{"start":{"line":69,"column":17},"end":{"line":69,"column":18}},"loc":{"start":{"line":69,"column":23},"end":{"line":69,"column":73}},"line":69}},"branchMap":{},"s":{"0":1,"1":1,"2":2,"3":0,"4":0,"5":1,"6":1},"f":{"0":2,"1":0,"2":0},"b":{},"_coverageSchema":"332fd63041d2c1bcb487cc26dd0d5f7d97098a6c","hash":"74dc09e0c50836d80573c374d72b350ddfa86905"}
,"/Users/nethra/action-list/actionlist/app/components/action_item_header.js": {"path":"/Users/nethra/action-list/actionlist/app/components/action_item_header.js","statementMap":{"0":{"start":{"line":10,"column":15},"end":{"line":33,"column":2}},"1":{"start":{"line":35,"column":14},"end":{"line":41,"column":1}},"2":{"start":{"line":43,"column":25},"end":{"line":53,"column":1}},"3":{"start":{"line":44,"column":2},"end":{"line":52,"column":9}},"4":{"start":{"line":55,"column":0},"end":{"line":59,"column":2}}},"fnMap":{"0":{"name":"(anonymous_0)","decl":{"start":{"line":43,"column":25},"end":{"line":43,"column":26}},"loc":{"start":{"line":44,"column":2},"end":{"line":52,"column":9}},"line":44}},"branchMap":{"0":{"loc":{"start":{"line":50,"column":14},"end":{"line":50,"column":46}},"type":"cond-expr","locations":[{"start":{"line":50,"column":25},"end":{"line":50,"column":33}},{"start":{"line":50,"column":36},"end":{"line":50,"column":46}}],"line":50}},"s":{"0":1,"1":1,"2":1,"3":2,"4":1},"f":{"0":2},"b":{"0":[2,0]},"_coverageSchema":"332fd63041d2c1bcb487cc26dd0d5f7d97098a6c","hash":"420ceecd9507edf304a60d18dda6535d2b542357"}
,"/Users/nethra/action-list/actionlist/app/components/header.js": {"path":"/Users/nethra/action-list/actionlist/app/components/header.js","statementMap":{"0":{"start":{"line":13,"column":14},"end":{"line":43,"column":2}},"1":{"start":{"line":47,"column":15},"end":{"line":63,"column":1}},"2":{"start":{"line":48,"column":2},"end":{"line":62,"column":9}},"3":{"start":{"line":56,"column":39},"end":{"line":56,"column":55}},"4":{"start":{"line":67,"column":27},"end":{"line":69,"column":2}},"5":{"start":{"line":67,"column":40},"end":{"line":69,"column":1}},"6":{"start":{"line":68,"column":24},"end":{"line":68,"column":48}},"7":{"start":{"line":71,"column":0},"end":{"line":73,"column":2}}},"fnMap":{"0":{"name":"(anonymous_0)","decl":{"start":{"line":47,"column":15},"end":{"line":47,"column":16}},"loc":{"start":{"line":48,"column":2},"end":{"line":62,"column":9}},"line":48},"1":{"name":"(anonymous_1)","decl":{"start":{"line":56,"column":33},"end":{"line":56,"column":34}},"loc":{"start":{"line":56,"column":39},"end":{"line":56,"column":55}},"line":56},"2":{"name":"(anonymous_2)","decl":{"start":{"line":67,"column":27},"end":{"line":67,"column":28}},"loc":{"start":{"line":67,"column":40},"end":{"line":69,"column":1}},"line":67},"3":{"name":"(anonymous_3)","decl":{"start":{"line":68,"column":18},"end":{"line":68,"column":19}},"loc":{"start":{"line":68,"column":24},"end":{"line":68,"column":48}},"line":68}},"branchMap":{},"s":{"0":1,"1":1,"2":1,"3":0,"4":1,"5":1,"6":0,"7":1},"f":{"0":1,"1":0,"2":1,"3":0},"b":{},"_coverageSchema":"332fd63041d2c1bcb487cc26dd0d5f7d97098a6c","hash":"98076c729130d57d8e219225d820f0b5782aaebc"}
,"/Users/nethra/action-list/actionlist/app/lib/commons.js": {"path":"/Users/nethra/action-list/actionlist/app/lib/commons.js","statementMap":{"0":{"start":{"line":1,"column":35},"end":{"line":1,"column":25319}},"1":{"start":{"line":2,"column":30},"end":{"line":2,"column":639}},"2":{"start":{"line":3,"column":22},"end":{"line":6,"column":1}},"3":{"start":{"line":8,"column":25},"end":{"line":13,"column":1}},"4":{"start":{"line":16,"column":32},"end":{"line":16,"column":63}}},"fnMap":{},"branchMap":{},"s":{"0":4,"1":4,"2":4,"3":4,"4":4},"f":{},"b":{},"_coverageSchema":"332fd63041d2c1bcb487cc26dd0d5f7d97098a6c","hash":"7a9c2eefbed5bd047a14c5d4a6556af002879620"}
,"/Users/nethra/action-list/actionlist/app/reducers/action_items.js": {"path":"/Users/nethra/action-list/actionlist/app/reducers/action_items.js","statementMap":{"0":{"start":{"line":6,"column":28},"end":{"line":10,"column":1}},"1":{"start":{"line":12,"column":23},"end":{"line":65,"column":1}},"2":{"start":{"line":13,"column":27},"end":{"line":13,"column":48}},"3":{"start":{"line":14,"column":2},"end":{"line":57,"column":3}},"4":{"start":{"line":16,"column":6},"end":{"line":20,"column":9}},"5":{"start":{"line":17,"column":18},"end":{"line":17,"column":42}},"6":{"start":{"line":18,"column":18},"end":{"line":18,"column":42}},"7":{"start":{"line":19,"column":8},"end":{"line":19,"column":21}},"8":{"start":{"line":21,"column":6},"end":{"line":21,"column":12}},"9":{"start":{"line":23,"column":6},"end":{"line":27,"column":9}},"10":{"start":{"line":24,"column":18},"end":{"line":24,"column":46}},"11":{"start":{"line":25,"column":18},"end":{"line":25,"column":46}},"12":{"start":{"line":26,"column":8},"end":{"line":26,"column":21}},"13":{"start":{"line":28,"column":6},"end":{"line":28,"column":12}},"14":{"start":{"line":30,"column":6},"end":{"line":40,"column":9}},"15":{"start":{"line":31,"column":25},"end":{"line":31,"column":58}},"16":{"start":{"line":32,"column":25},"end":{"line":32,"column":58}},"17":{"start":{"line":33,"column":8},"end":{"line":35,"column":9}},"18":{"start":{"line":34,"column":10},"end":{"line":34,"column":20}},"19":{"start":{"line":36,"column":8},"end":{"line":38,"column":9}},"20":{"start":{"line":37,"column":10},"end":{"line":37,"column":19}},"21":{"start":{"line":39,"column":8},"end":{"line":39,"column":17}},"22":{"start":{"line":41,"column":6},"end":{"line":41,"column":12}},"23":{"start":{"line":43,"column":6},"end":{"line":53,"column":9}},"24":{"start":{"line":44,"column":25},"end":{"line":44,"column":62}},"25":{"start":{"line":45,"column":25},"end":{"line":45,"column":62}},"26":{"start":{"line":46,"column":8},"end":{"line":48,"column":9}},"27":{"start":{"line":47,"column":10},"end":{"line":47,"column":20}},"28":{"start":{"line":49,"column":8},"end":{"line":51,"column":9}},"29":{"start":{"line":50,"column":10},"end":{"line":50,"column":19}},"30":{"start":{"line":52,"column":8},"end":{"line":52,"column":17}},"31":{"start":{"line":54,"column":6},"end":{"line":54,"column":12}},"32":{"start":{"line":56,"column":6},"end":{"line":56,"column":12}},"33":{"start":{"line":58,"column":2},"end":{"line":64,"column":4}},"34":{"start":{"line":68,"column":21},"end":{"line":73,"column":1}},"35":{"start":{"line":69,"column":2},"end":{"line":72,"column":4}}},"fnMap":{"0":{"name":"(anonymous_0)","decl":{"start":{"line":12,"column":23},"end":{"line":12,"column":24}},"loc":{"start":{"line":12,"column":42},"end":{"line":65,"column":1}},"line":12},"1":{"name":"(anonymous_1)","decl":{"start":{"line":16,"column":28},"end":{"line":16,"column":29}},"loc":{"start":{"line":16,"column":38},"end":{"line":20,"column":7}},"line":16},"2":{"name":"(anonymous_2)","decl":{"start":{"line":23,"column":28},"end":{"line":23,"column":29}},"loc":{"start":{"line":23,"column":38},"end":{"line":27,"column":7}},"line":23},"3":{"name":"(anonymous_3)","decl":{"start":{"line":30,"column":28},"end":{"line":30,"column":29}},"loc":{"start":{"line":30,"column":38},"end":{"line":40,"column":7}},"line":30},"4":{"name":"(anonymous_4)","decl":{"start":{"line":43,"column":28},"end":{"line":43,"column":29}},"loc":{"start":{"line":43,"column":38},"end":{"line":53,"column":7}},"line":43},"5":{"name":"(anonymous_5)","decl":{"start":{"line":68,"column":21},"end":{"line":68,"column":22}},"loc":{"start":{"line":68,"column":32},"end":{"line":73,"column":1}},"line":68}},"branchMap":{"0":{"loc":{"start":{"line":14,"column":2},"end":{"line":57,"column":3}},"type":"switch","locations":[{"start":{"line":15,"column":4},"end":{"line":21,"column":12}},{"start":{"line":22,"column":4},"end":{"line":28,"column":12}},{"start":{"line":29,"column":4},"end":{"line":41,"column":12}},{"start":{"line":42,"column":4},"end":{"line":54,"column":12}},{"start":{"line":55,"column":4},"end":{"line":56,"column":12}}],"line":14},"1":{"loc":{"start":{"line":33,"column":8},"end":{"line":35,"column":9}},"type":"if","locations":[{"start":{"line":33,"column":8},"end":{"line":35,"column":9}},{"start":{"line":33,"column":8},"end":{"line":35,"column":9}}],"line":33},"2":{"loc":{"start":{"line":36,"column":8},"end":{"line":38,"column":9}},"type":"if","locations":[{"start":{"line":36,"column":8},"end":{"line":38,"column":9}},{"start":{"line":36,"column":8},"end":{"line":38,"column":9}}],"line":36},"3":{"loc":{"start":{"line":46,"column":8},"end":{"line":48,"column":9}},"type":"if","locations":[{"start":{"line":46,"column":8},"end":{"line":48,"column":9}},{"start":{"line":46,"column":8},"end":{"line":48,"column":9}}],"line":46},"4":{"loc":{"start":{"line":49,"column":8},"end":{"line":51,"column":9}},"type":"if","locations":[{"start":{"line":49,"column":8},"end":{"line":51,"column":9}},{"start":{"line":49,"column":8},"end":{"line":51,"column":9}}],"line":49}},"s":{"0":1,"1":1,"2":4,"3":4,"4":1,"5":9,"6":9,"7":9,"8":1,"9":1,"10":9,"11":9,"12":9,"13":1,"14":1,"15":7,"16":7,"17":7,"18":3,"19":4,"20":4,"21":0,"22":1,"23":1,"24":3,"25":3,"26":3,"27":1,"28":2,"29":2,"30":0,"31":1,"32":0,"33":4,"34":1,"35":1},"f":{"0":4,"1":9,"2":9,"3":7,"4":3,"5":1},"b":{"0":[1,1,1,1,0],"1":[3,4],"2":[4,0],"3":[1,2],"4":[2,0]},"_coverageSchema":"332fd63041d2c1bcb487cc26dd0d5f7d97098a6c","hash":"e7b9b602220ddb16deb77937de0b46d0bbbf1a71"}
,"/Users/nethra/action-list/actionlist/test_constants/componentTests.js": {"path":"/Users/nethra/action-list/actionlist/test_constants/componentTests.js","statementMap":{"0":{"start":{"line":1,"column":31},"end":{"line":13,"column":1}},"1":{"start":{"line":15,"column":27},"end":{"line":15,"column":29}},"2":{"start":{"line":17,"column":28},"end":{"line":21,"column":1}}},"fnMap":{},"branchMap":{},"s":{"0":4,"1":4,"2":4},"f":{},"b":{},"_coverageSchema":"332fd63041d2c1bcb487cc26dd0d5f7d97098a6c","hash":"d42f89aa02ddf5fb665cd0bca11b1055a564d5df"}
}
