{"/Users/nethra/action-list/actionlist/testConfig.js": {"path":"/Users/nethra/action-list/actionlist/testConfig.js","statementMap":{"0":{"start":{"line":1,"column":0},"end":{"line":1,"column":41}},"1":{"start":{"line":3,"column":0},"end":{"line":3,"column":32}},"2":{"start":{"line":5,"column":14},"end":{"line":5,"column":36}},"3":{"start":{"line":7,"column":0},"end":{"line":7,"column":28}},"4":{"start":{"line":8,"column":0},"end":{"line":8,"column":37}},"5":{"start":{"line":9,"column":0},"end":{"line":13,"column":3}},"6":{"start":{"line":10,"column":2},"end":{"line":12,"column":3}},"7":{"start":{"line":11,"column":4},"end":{"line":11,"column":54}}},"fnMap":{"0":{"name":"(anonymous_0)","decl":{"start":{"line":9,"column":42},"end":{"line":9,"column":43}},"loc":{"start":{"line":9,"column":56},"end":{"line":13,"column":1}},"line":9}},"branchMap":{"0":{"loc":{"start":{"line":10,"column":2},"end":{"line":12,"column":3}},"type":"if","locations":[{"start":{"line":10,"column":2},"end":{"line":12,"column":3}},{"start":{"line":10,"column":2},"end":{"line":12,"column":3}}],"line":10}},"s":{"0":4,"1":4,"2":4,"3":4,"4":4,"5":4,"6":324,"7":240},"f":{"0":324},"b":{"0":[240,84]},"_coverageSchema":"332fd63041d2c1bcb487cc26dd0d5f7d97098a6c","hash":"592738c03b6fbfd5c6a2cf4737a652f9fdebfea0"}
,"/Users/nethra/action-list/actionlist/app/actions/action_items.js": {"path":"/Users/nethra/action-list/actionlist/app/actions/action_items.js","statementMap":{"0":{"start":{"line":4,"column":28},"end":{"line":4,"column":55}},"1":{"start":{"line":5,"column":30},"end":{"line":5,"column":60}},"2":{"start":{"line":6,"column":36},"end":{"line":6,"column":72}}},"fnMap":{},"branchMap":{},"s":{"0":3,"1":3,"2":3},"f":{},"b":{},"_coverageSchema":"332fd63041d2c1bcb487cc26dd0d5f7d97098a6c","hash":"95f11e84aba01fd1efa731fd59bee92a68c58198"}
,"/Users/nethra/action-list/actionlist/app/actions/types.js": {"path":"/Users/nethra/action-list/actionlist/app/actions/types.js","statementMap":{"0":{"start":{"line":1,"column":29},"end":{"line":1,"column":44}},"1":{"start":{"line":2,"column":32},"end":{"line":2,"column":50}},"2":{"start":{"line":3,"column":38},"end":{"line":3,"column":62}}},"fnMap":{},"branchMap":{},"s":{"0":3,"1":3,"2":3},"f":{},"b":{},"_coverageSchema":"332fd63041d2c1bcb487cc26dd0d5f7d97098a6c","hash":"c42f883f9a376c9aa701f07efc44b9ba2cf3f9c9"}
,"/Users/nethra/action-list/actionlist/app/components/SideMenu.js": {"path":"/Users/nethra/action-list/actionlist/app/components/SideMenu.js","statementMap":{"0":{"start":{"line":16,"column":14},"end":{"line":49,"column":2}},"1":{"start":{"line":51,"column":17},"end":{"line":86,"column":1}},"2":{"start":{"line":52,"column":2},"end":{"line":85,"column":9}},"3":{"start":{"line":53,"column":46},"end":{"line":53,"column":60}},"4":{"start":{"line":54,"column":46},"end":{"line":54,"column":60}},"5":{"start":{"line":60,"column":41},"end":{"line":60,"column":71}},"6":{"start":{"line":66,"column":41},"end":{"line":66,"column":75}},"7":{"start":{"line":72,"column":41},"end":{"line":72,"column":70}},"8":{"start":{"line":78,"column":41},"end":{"line":78,"column":74}},"9":{"start":{"line":88,"column":24},"end":{"line":90,"column":2}},"10":{"start":{"line":88,"column":34},"end":{"line":90,"column":1}},"11":{"start":{"line":92,"column":27},"end":{"line":94,"column":2}},"12":{"start":{"line":92,"column":40},"end":{"line":94,"column":1}},"13":{"start":{"line":93,"column":22},"end":{"line":93,"column":56}},"14":{"start":{"line":96,"column":0},"end":{"line":99,"column":2}}},"fnMap":{"0":{"name":"(anonymous_0)","decl":{"start":{"line":51,"column":17},"end":{"line":51,"column":18}},"loc":{"start":{"line":52,"column":2},"end":{"line":85,"column":9}},"line":52},"1":{"name":"(anonymous_1)","decl":{"start":{"line":53,"column":40},"end":{"line":53,"column":41}},"loc":{"start":{"line":53,"column":46},"end":{"line":53,"column":60}},"line":53},"2":{"name":"(anonymous_2)","decl":{"start":{"line":54,"column":40},"end":{"line":54,"column":41}},"loc":{"start":{"line":54,"column":46},"end":{"line":54,"column":60}},"line":54},"3":{"name":"(anonymous_3)","decl":{"start":{"line":60,"column":35},"end":{"line":60,"column":36}},"loc":{"start":{"line":60,"column":41},"end":{"line":60,"column":71}},"line":60},"4":{"name":"(anonymous_4)","decl":{"start":{"line":66,"column":35},"end":{"line":66,"column":36}},"loc":{"start":{"line":66,"column":41},"end":{"line":66,"column":75}},"line":66},"5":{"name":"(anonymous_5)","decl":{"start":{"line":72,"column":35},"end":{"line":72,"column":36}},"loc":{"start":{"line":72,"column":41},"end":{"line":72,"column":70}},"line":72},"6":{"name":"(anonymous_6)","decl":{"start":{"line":78,"column":35},"end":{"line":78,"column":36}},"loc":{"start":{"line":78,"column":41},"end":{"line":78,"column":74}},"line":78},"7":{"name":"(anonymous_7)","decl":{"start":{"line":88,"column":24},"end":{"line":88,"column":25}},"loc":{"start":{"line":88,"column":34},"end":{"line":90,"column":1}},"line":88},"8":{"name":"(anonymous_8)","decl":{"start":{"line":92,"column":27},"end":{"line":92,"column":28}},"loc":{"start":{"line":92,"column":40},"end":{"line":94,"column":1}},"line":92},"9":{"name":"(anonymous_9)","decl":{"start":{"line":93,"column":10},"end":{"line":93,"column":11}},"loc":{"start":{"line":93,"column":22},"end":{"line":93,"column":56}},"line":93}},"branchMap":{"0":{"loc":{"start":{"line":62,"column":17},"end":{"line":63,"column":45}},"type":"cond-expr","locations":[{"start":{"line":63,"column":10},"end":{"line":63,"column":29}},{"start":{"line":63,"column":32},"end":{"line":63,"column":45}}],"line":62},"1":{"loc":{"start":{"line":68,"column":17},"end":{"line":69,"column":45}},"type":"cond-expr","locations":[{"start":{"line":69,"column":10},"end":{"line":69,"column":29}},{"start":{"line":69,"column":32},"end":{"line":69,"column":45}}],"line":68},"2":{"loc":{"start":{"line":74,"column":17},"end":{"line":75,"column":45}},"type":"cond-expr","locations":[{"start":{"line":75,"column":10},"end":{"line":75,"column":29}},{"start":{"line":75,"column":32},"end":{"line":75,"column":45}}],"line":74},"3":{"loc":{"start":{"line":80,"column":17},"end":{"line":81,"column":45}},"type":"cond-expr","locations":[{"start":{"line":81,"column":10},"end":{"line":81,"column":29}},{"start":{"line":81,"column":32},"end":{"line":81,"column":45}}],"line":80}},"s":{"0":1,"1":1,"2":1,"3":0,"4":0,"5":0,"6":0,"7":0,"8":0,"9":1,"10":1,"11":1,"12":1,"13":0,"14":1},"f":{"0":1,"1":0,"2":0,"3":0,"4":0,"5":0,"6":0,"7":1,"8":1,"9":0},"b":{"0":[0,1],"1":[0,1],"2":[0,1],"3":[0,1]},"_coverageSchema":"332fd63041d2c1bcb487cc26dd0d5f7d97098a6c","hash":"b047dc5f9a73288719314297125e92f777c4a69a"}
,"/Users/nethra/action-list/actionlist/app/components/action_item_body.js": {"path":"/Users/nethra/action-list/actionlist/app/components/action_item_body.js","statementMap":{"0":{"start":{"line":11,"column":15},"end":{"line":51,"column":2}},"1":{"start":{"line":53,"column":23},"end":{"line":73,"column":1}},"2":{"start":{"line":54,"column":2},"end":{"line":72,"column":9}},"3":{"start":{"line":64,"column":23},"end":{"line":64,"column":66}},"4":{"start":{"line":69,"column":23},"end":{"line":69,"column":73}},"5":{"start":{"line":75,"column":0},"end":{"line":89,"column":2}},"6":{"start":{"line":91,"column":0},"end":{"line":99,"column":2}}},"fnMap":{"0":{"name":"(anonymous_0)","decl":{"start":{"line":53,"column":23},"end":{"line":53,"column":24}},"loc":{"start":{"line":54,"column":2},"end":{"line":72,"column":9}},"line":54},"1":{"name":"(anonymous_1)","decl":{"start":{"line":64,"column":17},"end":{"line":64,"column":18}},"loc":{"start":{"line":64,"column":23},"end":{"line":64,"column":66}},"line":64},"2":{"name":"(anonymous_2)","decl":{"start":{"line":69,"column":17},"end":{"line":69,"column":18}},"loc":{"start":{"line":69,"column":23},"end":{"line":69,"column":73}},"line":69}},"branchMap":{},"s":{"0":1,"1":1,"2":2,"3":0,"4":0,"5":1,"6":1},"f":{"0":2,"1":0,"2":0},"b":{},"_coverageSchema":"332fd63041d2c1bcb487cc26dd0d5f7d97098a6c","hash":"74dc09e0c50836d80573c374d72b350ddfa86905"}
,"/Users/nethra/action-list/actionlist/app/components/action_item_header.js": {"path":"/Users/nethra/action-list/actionlist/app/components/action_item_header.js","statementMap":{"0":{"start":{"line":10,"column":15},"end":{"line":33,"column":2}},"1":{"start":{"line":35,"column":14},"end":{"line":41,"column":1}},"2":{"start":{"line":43,"column":25},"end":{"line":53,"column":1}},"3":{"start":{"line":44,"column":2},"end":{"line":52,"column":9}},"4":{"start":{"line":55,"column":0},"end":{"line":59,"column":2}}},"fnMap":{"0":{"name":"(anonymous_0)","decl":{"start":{"line":43,"column":25},"end":{"line":43,"column":26}},"loc":{"start":{"line":44,"column":2},"end":{"line":52,"column":9}},"line":44}},"branchMap":{"0":{"loc":{"start":{"line":50,"column":14},"end":{"line":50,"column":46}},"type":"cond-expr","locations":[{"start":{"line":50,"column":25},"end":{"line":50,"column":33}},{"start":{"line":50,"column":36},"end":{"line":50,"column":46}}],"line":50}},"s":{"0":1,"1":1,"2":1,"3":2,"4":1},"f":{"0":2},"b":{"0":[2,0]},"_coverageSchema":"332fd63041d2c1bcb487cc26dd0d5f7d97098a6c","hash":"420ceecd9507edf304a60d18dda6535d2b542357"}
,"/Users/nethra/action-list/actionlist/app/components/header.js": {"path":"/Users/nethra/action-list/actionlist/app/components/header.js","statementMap":{"0":{"start":{"line":13,"column":14},"end":{"line":43,"column":2}},"1":{"start":{"line":47,"column":15},"end":{"line":63,"column":1}},"2":{"start":{"line":48,"column":2},"end":{"line":62,"column":9}},"3":{"start":{"line":56,"column":39},"end":{"line":56,"column":55}},"4":{"start":{"line":67,"column":27},"end":{"line":69,"column":2}},"5":{"start":{"line":67,"column":40},"end":{"line":69,"column":1}},"6":{"start":{"line":68,"column":24},"end":{"line":68,"column":48}},"7":{"start":{"line":71,"column":0},"end":{"line":73,"column":2}}},"fnMap":{"0":{"name":"(anonymous_0)","decl":{"start":{"line":47,"column":15},"end":{"line":47,"column":16}},"loc":{"start":{"line":48,"column":2},"end":{"line":62,"column":9}},"line":48},"1":{"name":"(anonymous_1)","decl":{"start":{"line":56,"column":33},"end":{"line":56,"column":34}},"loc":{"start":{"line":56,"column":39},"end":{"line":56,"column":55}},"line":56},"2":{"name":"(anonymous_2)","decl":{"start":{"line":67,"column":27},"end":{"line":67,"column":28}},"loc":{"start":{"line":67,"column":40},"end":{"line":69,"column":1}},"line":67},"3":{"name":"(anonymous_3)","decl":{"start":{"line":68,"column":18},"end":{"line":68,"column":19}},"loc":{"start":{"line":68,"column":24},"end":{"line":68,"column":48}},"line":68}},"branchMap":{},"s":{"0":1,"1":1,"2":1,"3":0,"4":1,"5":1,"6":0,"7":1},"f":{"0":1,"1":0,"2":1,"3":0},"b":{},"_coverageSchema":"332fd63041d2c1bcb487cc26dd0d5f7d97098a6c","hash":"98076c729130d57d8e219225d820f0b5782aaebc"}
,"/Users/nethra/action-list/actionlist/app/lib/commons.js": {"path":"/Users/nethra/action-list/actionlist/app/lib/commons.js","statementMap":{"0":{"start":{"line":1,"column":35},"end":{"line":1,"column":25319}},"1":{"start":{"line":2,"column":30},"end":{"line":2,"column":639}},"2":{"start":{"line":3,"column":22},"end":{"line":8,"column":1}},"3":{"start":{"line":10,"column":25},"end":{"line":15,"column":1}},"4":{"start":{"line":18,"column":32},"end":{"line":18,"column":63}}},"fnMap":{},"branchMap":{},"s":{"0":4,"1":4,"2":4,"3":4,"4":4},"f":{},"b":{},"_coverageSchema":"332fd63041d2c1bcb487cc26dd0d5f7d97098a6c","hash":"90408d665c4048f50be55d5b89695e63f0285b24"}
,"/Users/nethra/action-list/actionlist/app/reducers/action_items.js": {"path":"/Users/nethra/action-list/actionlist/app/reducers/action_items.js","statementMap":{"0":{"start":{"line":6,"column":28},"end":{"line":21,"column":1}},"1":{"start":{"line":23,"column":23},"end":{"line":76,"column":1}},"2":{"start":{"line":24,"column":27},"end":{"line":24,"column":48}},"3":{"start":{"line":25,"column":2},"end":{"line":68,"column":3}},"4":{"start":{"line":27,"column":6},"end":{"line":31,"column":9}},"5":{"start":{"line":28,"column":18},"end":{"line":28,"column":42}},"6":{"start":{"line":29,"column":18},"end":{"line":29,"column":42}},"7":{"start":{"line":30,"column":8},"end":{"line":30,"column":21}},"8":{"start":{"line":32,"column":6},"end":{"line":32,"column":12}},"9":{"start":{"line":34,"column":6},"end":{"line":38,"column":9}},"10":{"start":{"line":35,"column":18},"end":{"line":35,"column":46}},"11":{"start":{"line":36,"column":18},"end":{"line":36,"column":46}},"12":{"start":{"line":37,"column":8},"end":{"line":37,"column":21}},"13":{"start":{"line":39,"column":6},"end":{"line":39,"column":12}},"14":{"start":{"line":41,"column":6},"end":{"line":51,"column":9}},"15":{"start":{"line":42,"column":25},"end":{"line":42,"column":58}},"16":{"start":{"line":43,"column":25},"end":{"line":43,"column":58}},"17":{"start":{"line":44,"column":8},"end":{"line":46,"column":9}},"18":{"start":{"line":45,"column":10},"end":{"line":45,"column":20}},"19":{"start":{"line":47,"column":8},"end":{"line":49,"column":9}},"20":{"start":{"line":48,"column":10},"end":{"line":48,"column":19}},"21":{"start":{"line":50,"column":8},"end":{"line":50,"column":17}},"22":{"start":{"line":52,"column":6},"end":{"line":52,"column":12}},"23":{"start":{"line":54,"column":6},"end":{"line":64,"column":9}},"24":{"start":{"line":55,"column":25},"end":{"line":55,"column":62}},"25":{"start":{"line":56,"column":25},"end":{"line":56,"column":62}},"26":{"start":{"line":57,"column":8},"end":{"line":59,"column":9}},"27":{"start":{"line":58,"column":10},"end":{"line":58,"column":20}},"28":{"start":{"line":60,"column":8},"end":{"line":62,"column":9}},"29":{"start":{"line":61,"column":10},"end":{"line":61,"column":19}},"30":{"start":{"line":63,"column":8},"end":{"line":63,"column":17}},"31":{"start":{"line":65,"column":6},"end":{"line":65,"column":12}},"32":{"start":{"line":67,"column":6},"end":{"line":67,"column":12}},"33":{"start":{"line":69,"column":2},"end":{"line":75,"column":4}},"34":{"start":{"line":79,"column":21},"end":{"line":84,"column":1}},"35":{"start":{"line":80,"column":2},"end":{"line":83,"column":4}},"36":{"start":{"line":86,"column":29},"end":{"line":95,"column":1}},"37":{"start":{"line":87,"column":28},"end":{"line":87,"column":48}},"38":{"start":{"line":88,"column":2},"end":{"line":94,"column":4}}},"fnMap":{"0":{"name":"(anonymous_0)","decl":{"start":{"line":23,"column":23},"end":{"line":23,"column":24}},"loc":{"start":{"line":23,"column":42},"end":{"line":76,"column":1}},"line":23},"1":{"name":"(anonymous_1)","decl":{"start":{"line":27,"column":28},"end":{"line":27,"column":29}},"loc":{"start":{"line":27,"column":38},"end":{"line":31,"column":7}},"line":27},"2":{"name":"(anonymous_2)","decl":{"start":{"line":34,"column":28},"end":{"line":34,"column":29}},"loc":{"start":{"line":34,"column":38},"end":{"line":38,"column":7}},"line":34},"3":{"name":"(anonymous_3)","decl":{"start":{"line":41,"column":28},"end":{"line":41,"column":29}},"loc":{"start":{"line":41,"column":38},"end":{"line":51,"column":7}},"line":41},"4":{"name":"(anonymous_4)","decl":{"start":{"line":54,"column":28},"end":{"line":54,"column":29}},"loc":{"start":{"line":54,"column":38},"end":{"line":64,"column":7}},"line":54},"5":{"name":"(anonymous_5)","decl":{"start":{"line":79,"column":21},"end":{"line":79,"column":22}},"loc":{"start":{"line":79,"column":32},"end":{"line":84,"column":1}},"line":79},"6":{"name":"(anonymous_6)","decl":{"start":{"line":86,"column":29},"end":{"line":86,"column":30}},"loc":{"start":{"line":86,"column":48},"end":{"line":95,"column":1}},"line":86}},"branchMap":{"0":{"loc":{"start":{"line":25,"column":2},"end":{"line":68,"column":3}},"type":"switch","locations":[{"start":{"line":26,"column":4},"end":{"line":32,"column":12}},{"start":{"line":33,"column":4},"end":{"line":39,"column":12}},{"start":{"line":40,"column":4},"end":{"line":52,"column":12}},{"start":{"line":53,"column":4},"end":{"line":65,"column":12}},{"start":{"line":66,"column":4},"end":{"line":67,"column":12}}],"line":25},"1":{"loc":{"start":{"line":44,"column":8},"end":{"line":46,"column":9}},"type":"if","locations":[{"start":{"line":44,"column":8},"end":{"line":46,"column":9}},{"start":{"line":44,"column":8},"end":{"line":46,"column":9}}],"line":44},"2":{"loc":{"start":{"line":47,"column":8},"end":{"line":49,"column":9}},"type":"if","locations":[{"start":{"line":47,"column":8},"end":{"line":49,"column":9}},{"start":{"line":47,"column":8},"end":{"line":49,"column":9}}],"line":47},"3":{"loc":{"start":{"line":57,"column":8},"end":{"line":59,"column":9}},"type":"if","locations":[{"start":{"line":57,"column":8},"end":{"line":59,"column":9}},{"start":{"line":57,"column":8},"end":{"line":59,"column":9}}],"line":57},"4":{"loc":{"start":{"line":60,"column":8},"end":{"line":62,"column":9}},"type":"if","locations":[{"start":{"line":60,"column":8},"end":{"line":62,"column":9}},{"start":{"line":60,"column":8},"end":{"line":62,"column":9}}],"line":60}},"s":{"0":1,"1":1,"2":4,"3":4,"4":1,"5":9,"6":9,"7":9,"8":1,"9":1,"10":9,"11":9,"12":9,"13":1,"14":1,"15":7,"16":7,"17":7,"18":3,"19":4,"20":4,"21":0,"22":1,"23":1,"24":3,"25":3,"26":3,"27":1,"28":2,"29":2,"30":0,"31":1,"32":0,"33":4,"34":1,"35":1,"36":1,"37":0,"38":0},"f":{"0":4,"1":9,"2":9,"3":7,"4":3,"5":1,"6":0},"b":{"0":[1,1,1,1,0],"1":[3,4],"2":[4,0],"3":[1,2],"4":[2,0]},"_coverageSchema":"332fd63041d2c1bcb487cc26dd0d5f7d97098a6c","hash":"f01d0a15bc207a1817baa2e34c3d913ced089202"}
,"/Users/nethra/action-list/actionlist/jest/setup.js": {"path":"/Users/nethra/action-list/actionlist/jest/setup.js","statementMap":{"0":{"start":{"line":1,"column":0},"end":{"line":7,"column":4}},"1":{"start":{"line":1,"column":28},"end":{"line":7,"column":1}}},"fnMap":{"0":{"name":"(anonymous_0)","decl":{"start":{"line":1,"column":21},"end":{"line":1,"column":22}},"loc":{"start":{"line":1,"column":28},"end":{"line":7,"column":1}},"line":1}},"branchMap":{},"s":{"0":5,"1":1},"f":{"0":1},"b":{},"_coverageSchema":"332fd63041d2c1bcb487cc26dd0d5f7d97098a6c","hash":"5f1b9e8bfcfacd31ca7ba3f2007093b9cc5a8f41"}
,"/Users/nethra/action-list/actionlist/test_constants/componentTests.js": {"path":"/Users/nethra/action-list/actionlist/test_constants/componentTests.js","statementMap":{"0":{"start":{"line":1,"column":31},"end":{"line":13,"column":1}},"1":{"start":{"line":15,"column":27},"end":{"line":15,"column":29}},"2":{"start":{"line":17,"column":28},"end":{"line":21,"column":1}}},"fnMap":{},"branchMap":{},"s":{"0":4,"1":4,"2":4},"f":{},"b":{},"_coverageSchema":"332fd63041d2c1bcb487cc26dd0d5f7d97098a6c","hash":"d42f89aa02ddf5fb665cd0bca11b1055a564d5df"}
}
