TN:
SF:/Users/nethra/action-list/actionlist/testConfig.js
FN:9,(anonymous_0)
FNF:1
FNH:1
FNDA:324,(anonymous_0)
DA:1,4
DA:3,4
DA:5,4
DA:7,4
DA:8,4
DA:9,4
DA:10,324
DA:11,240
LF:8
LH:8
BRDA:10,0,0,240
BRDA:10,0,1,84
BRF:2
BRH:2
end_of_record
TN:
SF:/Users/nethra/action-list/actionlist/app/actions/action_items.js
FNF:0
FNH:0
DA:4,3
DA:5,3
DA:6,3
LF:3
LH:3
BRF:0
BRH:0
end_of_record
TN:
SF:/Users/nethra/action-list/actionlist/app/actions/types.js
FNF:0
FNH:0
DA:1,3
DA:2,3
DA:3,3
LF:3
LH:3
BRF:0
BRH:0
end_of_record
TN:
SF:/Users/nethra/action-list/actionlist/app/components/SideMenu.js
FN:51,(anonymous_0)
FN:53,(anonymous_1)
FN:54,(anonymous_2)
FN:60,(anonymous_3)
FN:66,(anonymous_4)
FN:72,(anonymous_5)
FN:78,(anonymous_6)
FN:88,(anonymous_7)
FN:92,(anonymous_8)
FN:93,(anonymous_9)
FNF:10
FNH:3
FNDA:1,(anonymous_0)
FNDA:0,(anonymous_1)
FNDA:0,(anonymous_2)
FNDA:0,(anonymous_3)
FNDA:0,(anonymous_4)
FNDA:0,(anonymous_5)
FNDA:0,(anonymous_6)
FNDA:1,(anonymous_7)
FNDA:1,(anonymous_8)
FNDA:0,(anonymous_9)
DA:16,1
DA:51,1
DA:52,1
DA:53,0
DA:54,0
DA:60,0
DA:66,0
DA:72,0
DA:78,0
DA:88,1
DA:92,1
DA:93,0
DA:96,1
LF:13
LH:6
BRDA:62,0,0,0
BRDA:62,0,1,1
BRDA:68,1,0,0
BRDA:68,1,1,1
BRDA:74,2,0,0
BRDA:74,2,1,1
BRDA:80,3,0,0
BRDA:80,3,1,1
BRF:8
BRH:4
end_of_record
TN:
SF:/Users/nethra/action-list/actionlist/app/components/action_item_body.js
FN:53,(anonymous_0)
FN:64,(anonymous_1)
FN:69,(anonymous_2)
FNF:3
FNH:1
FNDA:2,(anonymous_0)
FNDA:0,(anonymous_1)
FNDA:0,(anonymous_2)
DA:11,1
DA:53,1
DA:54,2
DA:64,0
DA:69,0
DA:75,1
DA:91,1
LF:7
LH:5
BRF:0
BRH:0
end_of_record
TN:
SF:/Users/nethra/action-list/actionlist/app/components/action_item_header.js
FN:43,(anonymous_0)
FNF:1
FNH:1
FNDA:2,(anonymous_0)
DA:10,1
DA:35,1
DA:43,1
DA:44,2
DA:55,1
LF:5
LH:5
BRDA:50,0,0,2
BRDA:50,0,1,0
BRF:2
BRH:1
end_of_record
TN:
SF:/Users/nethra/action-list/actionlist/app/components/header.js
FN:47,(anonymous_0)
FN:56,(anonymous_1)
FN:67,(anonymous_2)
FN:68,(anonymous_3)
FNF:4
FNH:2
FNDA:1,(anonymous_0)
FNDA:0,(anonymous_1)
FNDA:1,(anonymous_2)
FNDA:0,(anonymous_3)
DA:13,1
DA:47,1
DA:48,1
DA:56,0
DA:67,1
DA:68,0
DA:71,1
LF:7
LH:5
BRF:0
BRH:0
end_of_record
TN:
SF:/Users/nethra/action-list/actionlist/app/lib/commons.js
FNF:0
FNH:0
DA:1,4
DA:2,4
DA:3,4
DA:10,4
DA:18,4
LF:5
LH:5
BRF:0
BRH:0
end_of_record
TN:
SF:/Users/nethra/action-list/actionlist/app/reducers/action_items.js
FN:23,(anonymous_0)
FN:27,(anonymous_1)
FN:34,(anonymous_2)
FN:41,(anonymous_3)
FN:54,(anonymous_4)
FN:79,(anonymous_5)
FN:86,(anonymous_6)
FNF:7
FNH:6
FNDA:4,(anonymous_0)
FNDA:9,(anonymous_1)
FNDA:9,(anonymous_2)
FNDA:7,(anonymous_3)
FNDA:3,(anonymous_4)
FNDA:1,(anonymous_5)
FNDA:0,(anonymous_6)
DA:6,1
DA:23,1
DA:24,4
DA:25,4
DA:27,1
DA:28,9
DA:29,9
DA:30,9
DA:32,1
DA:34,1
DA:35,9
DA:36,9
DA:37,9
DA:39,1
DA:41,1
DA:42,7
DA:43,7
DA:44,7
DA:45,3
DA:47,4
DA:48,4
DA:50,0
DA:52,1
DA:54,1
DA:55,3
DA:56,3
DA:57,3
DA:58,1
DA:60,2
DA:61,2
DA:63,0
DA:65,1
DA:67,0
DA:69,4
DA:79,1
DA:80,1
DA:86,1
DA:87,0
DA:88,0
LF:39
LH:34
BRDA:25,0,0,1
BRDA:25,0,1,1
BRDA:25,0,2,1
BRDA:25,0,3,1
BRDA:25,0,4,0
BRDA:44,1,0,3
BRDA:44,1,1,4
BRDA:47,2,0,4
BRDA:47,2,1,0
BRDA:57,3,0,1
BRDA:57,3,1,2
BRDA:60,4,0,2
BRDA:60,4,1,0
BRF:13
BRH:10
end_of_record
TN:
SF:/Users/nethra/action-list/actionlist/jest/setup.js
FN:1,(anonymous_0)
FNF:1
FNH:1
FNDA:1,(anonymous_0)
DA:1,5
LF:1
LH:1
BRF:0
BRH:0
end_of_record
TN:
SF:/Users/nethra/action-list/actionlist/test_constants/componentTests.js
FNF:0
FNH:0
DA:1,4
DA:15,4
DA:17,4
LF:3
LH:3
BRF:0
BRH:0
end_of_record
