TN:
SF:/Users/nethra/action-list/actionlist/testConfig.js
FN:9,(anonymous_0)
FNF:1
FNH:1
FNDA:324,(anonymous_0)
DA:1,4
DA:3,4
DA:5,4
DA:7,4
DA:8,4
DA:9,4
DA:10,324
DA:11,240
LF:8
LH:8
BRDA:10,0,0,240
BRDA:10,0,1,84
BRF:2
BRH:2
end_of_record
TN:
SF:/Users/nethra/action-list/actionlist/app/actions/action_items.js
FNF:0
FNH:0
DA:4,3
DA:5,3
LF:2
LH:2
BRF:0
BRH:0
end_of_record
TN:
SF:/Users/nethra/action-list/actionlist/app/actions/types.js
FNF:0
FNH:0
DA:1,3
DA:2,3
LF:2
LH:2
BRF:0
BRH:0
end_of_record
TN:
SF:/Users/nethra/action-list/actionlist/app/components/SideMenu.js
FN:51,(anonymous_0)
FN:60,(anonymous_1)
FN:66,(anonymous_2)
FN:72,(anonymous_3)
FN:78,(anonymous_4)
FN:88,(anonymous_5)
FN:92,(anonymous_6)
FN:93,(anonymous_7)
FNF:8
FNH:3
FNDA:1,(anonymous_0)
FNDA:0,(anonymous_1)
FNDA:0,(anonymous_2)
FNDA:0,(anonymous_3)
FNDA:0,(anonymous_4)
FNDA:1,(anonymous_5)
FNDA:1,(anonymous_6)
FNDA:0,(anonymous_7)
DA:16,1
DA:51,1
DA:52,1
DA:60,0
DA:66,0
DA:72,0
DA:78,0
DA:88,1
DA:92,1
DA:93,0
DA:96,1
LF:11
LH:6
BRDA:62,0,0,0
BRDA:62,0,1,1
BRDA:68,1,0,0
BRDA:68,1,1,1
BRDA:74,2,0,0
BRDA:74,2,1,1
BRDA:80,3,0,0
BRDA:80,3,1,1
BRF:8
BRH:4
end_of_record
TN:
SF:/Users/nethra/action-list/actionlist/app/components/action_item_body.js
FN:53,(anonymous_0)
FN:64,(anonymous_1)
FN:69,(anonymous_2)
FNF:3
FNH:1
FNDA:2,(anonymous_0)
FNDA:0,(anonymous_1)
FNDA:0,(anonymous_2)
DA:11,1
DA:53,1
DA:54,2
DA:64,0
DA:69,0
DA:75,1
DA:91,1
LF:7
LH:5
BRF:0
BRH:0
end_of_record
TN:
SF:/Users/nethra/action-list/actionlist/app/components/action_item_header.js
FN:43,(anonymous_0)
FNF:1
FNH:1
FNDA:2,(anonymous_0)
DA:10,1
DA:35,1
DA:43,1
DA:44,2
DA:55,1
LF:5
LH:5
BRDA:50,0,0,2
BRDA:50,0,1,0
BRF:2
BRH:1
end_of_record
TN:
SF:/Users/nethra/action-list/actionlist/app/components/header.js
FN:47,(anonymous_0)
FN:56,(anonymous_1)
FN:67,(anonymous_2)
FN:68,(anonymous_3)
FNF:4
FNH:2
FNDA:1,(anonymous_0)
FNDA:0,(anonymous_1)
FNDA:1,(anonymous_2)
FNDA:0,(anonymous_3)
DA:13,1
DA:47,1
DA:48,1
DA:56,0
DA:67,1
DA:68,0
DA:71,1
LF:7
LH:5
BRF:0
BRH:0
end_of_record
TN:
SF:/Users/nethra/action-list/actionlist/app/lib/commons.js
FNF:0
FNH:0
DA:1,4
DA:2,4
DA:3,4
DA:8,4
DA:16,4
LF:5
LH:5
BRF:0
BRH:0
end_of_record
TN:
SF:/Users/nethra/action-list/actionlist/app/reducers/action_items.js
FN:12,(anonymous_0)
FN:16,(anonymous_1)
FN:23,(anonymous_2)
FN:30,(anonymous_3)
FN:43,(anonymous_4)
FN:68,(anonymous_5)
FNF:6
FNH:6
FNDA:4,(anonymous_0)
FNDA:9,(anonymous_1)
FNDA:9,(anonymous_2)
FNDA:7,(anonymous_3)
FNDA:3,(anonymous_4)
FNDA:1,(anonymous_5)
DA:6,1
DA:12,1
DA:13,4
DA:14,4
DA:16,1
DA:17,9
DA:18,9
DA:19,9
DA:21,1
DA:23,1
DA:24,9
DA:25,9
DA:26,9
DA:28,1
DA:30,1
DA:31,7
DA:32,7
DA:33,7
DA:34,3
DA:36,4
DA:37,4
DA:39,0
DA:41,1
DA:43,1
DA:44,3
DA:45,3
DA:46,3
DA:47,1
DA:49,2
DA:50,2
DA:52,0
DA:54,1
DA:56,0
DA:58,4
DA:68,1
DA:69,1
LF:36
LH:33
BRDA:14,0,0,1
BRDA:14,0,1,1
BRDA:14,0,2,1
BRDA:14,0,3,1
BRDA:14,0,4,0
BRDA:33,1,0,3
BRDA:33,1,1,4
BRDA:36,2,0,4
BRDA:36,2,1,0
BRDA:46,3,0,1
BRDA:46,3,1,2
BRDA:49,4,0,2
BRDA:49,4,1,0
BRF:13
BRH:10
end_of_record
TN:
SF:/Users/nethra/action-list/actionlist/test_constants/componentTests.js
FNF:0
FNH:0
DA:1,4
DA:15,4
DA:17,4
LF:3
LH:3
BRF:0
BRH:0
end_of_record
